This is XeTeX, Version 3.141592653-2.6-0.999996 (TeX Live 2024) (preloaded format=xelatex 2024.8.22)  11 OCT 2024 18:35
entering extended mode
 restricted \write18 enabled.
 file:line:error style messages enabled.
 %&-line parsing enabled.
**mainpaper
(./mainpaper.tex
LaTeX2e <2024-06-01> patch level 2
L3 programming layer <2024-07-20>
(./nudtpaper.cls
Document Class: nudtpaper 2020/07/01 v2.8 NUDT paper template
(d:/texlive/2024/texmf-dist/tex/latex/base/ifthen.sty
Package: ifthen 2024/03/16 v1.1e Standard LaTeX ifthen package (DPC)
) (d:/texlive/2024/texmf-dist/tex/latex/tools/calc.sty
Package: calc 2023/07/08 v4.3 Infix arithmetic (KKT,FJ)
\calc@Acount=\count190
\calc@Bcount=\count191
\calc@Adimen=\dimen141
\calc@Bdimen=\dimen142
\calc@Askip=\skip49
\calc@Bskip=\skip50
LaTeX Info: Redefining \setlength on input line 80.
LaTeX Info: Redefining \addtolength on input line 81.
\calc@Ccount=\count192
\calc@Cskip=\skip51
) (d:/texlive/2024/texmf-dist/tex/latex/base/book.cls
Document Class: book 2024/02/08 v1.4n Standard LaTeX document class
(d:/texlive/2024/texmf-dist/tex/latex/base/bk12.clo
File: bk12.clo 2024/02/08 v1.4n Standard LaTeX file (size option)
)
\c@part=\count193
\c@chapter=\count194
\c@section=\count195
\c@subsection=\count196
\c@subsubsection=\count197
\c@paragraph=\count198
\c@subparagraph=\count199
\c@figure=\count266
\c@table=\count267
\abovecaptionskip=\skip52
\belowcaptionskip=\skip53
\bibindent=\dimen143
) (d:/texlive/2024/texmf-dist/tex/latex/geometry/geometry.sty
Package: geometry 2020/01/02 v5.9 Page Geometry
 (d:/texlive/2024/texmf-dist/tex/latex/graphics/keyval.sty
Package: keyval 2022/05/29 v1.15 key=value parser (DPC)
\KV@toks@=\toks17
) (d:/texlive/2024/texmf-dist/tex/generic/iftex/ifvtex.sty
Package: ifvtex 2019/10/25 v1.7 ifvtex legacy package. Use iftex instead.
 (d:/texlive/2024/texmf-dist/tex/generic/iftex/iftex.sty
Package: iftex 2022/02/03 v1.0f TeX engine tests
))
\Gm@cnth=\count268
\Gm@cntv=\count269
\c@Gm@tempcnt=\count270
\Gm@bindingoffset=\dimen144
\Gm@wd@mp=\dimen145
\Gm@odd@mp=\dimen146
\Gm@even@mp=\dimen147
\Gm@layoutwidth=\dimen148
\Gm@layoutheight=\dimen149
\Gm@layouthoffset=\dimen150
\Gm@layoutvoffset=\dimen151
\Gm@dimlist=\toks18
) (d:/texlive/2024/texmf-dist/tex/latex/titlesec/titlesec.sty
Package: titlesec 2023/10/27 v2.16 Sectioning titles
\ttl@box=\box52
\beforetitleunit=\skip54
\aftertitleunit=\skip55
\ttl@plus=\dimen152
\ttl@minus=\dimen153
\ttl@toksa=\toks19
\titlewidth=\dimen154
\titlewidthlast=\dimen155
\titlewidthfirst=\dimen156
 (d:/texlive/2024/texmf-dist/tex/latex/titlesec/titleps.sty)) (d:/texlive/2024/texmf-dist/tex/latex/titlesec/titletoc.sty
Package: titletoc 2023/10/27 v2.16 TOC entries
\ttl@leftsep=\dimen157
) (d:/texlive/2024/texmf-dist/tex/latex/graphics/graphicx.sty
Package: graphicx 2021/09/16 v1.2d Enhanced LaTeX Graphics (DPC,SPQR)
 (d:/texlive/2024/texmf-dist/tex/latex/graphics/graphics.sty
Package: graphics 2024/05/23 v1.4g Standard LaTeX Graphics (DPC,SPQR)
 (d:/texlive/2024/texmf-dist/tex/latex/graphics/trig.sty
Package: trig 2023/12/02 v1.11 sin cos tan (DPC)
) (d:/texlive/2024/texmf-dist/tex/latex/graphics-cfg/graphics.cfg
File: graphics.cfg 2016/06/04 v1.11 sample graphics configuration
)
Package graphics Info: Driver file: xetex.def on input line 106.
 (d:/texlive/2024/texmf-dist/tex/latex/graphics-def/xetex.def
File: xetex.def 2022/09/22 v5.0n Graphics/color driver for xetex
))
\Gin@req@height=\dimen158
\Gin@req@width=\dimen159
) (d:/texlive/2024/texmf-dist/tex/latex/subfig/subfig.sty
Package: subfig 2005/06/28 ver: 1.3 subfig package
 (d:/texlive/2024/texmf-dist/tex/latex/caption/caption.sty
Package: caption 2023/08/05 v3.6o Customizing captions (AR)
 (d:/texlive/2024/texmf-dist/tex/latex/caption/caption3.sty
Package: caption3 2023/07/31 v2.4d caption3 kernel (AR)
\caption@tempdima=\dimen160
\captionmargin=\dimen161
\caption@leftmargin=\dimen162
\caption@rightmargin=\dimen163
\caption@width=\dimen164
\caption@indent=\dimen165
\caption@parindent=\dimen166
\caption@hangindent=\dimen167
Package caption Info: Standard document class detected.
)
\c@caption@flags=\count271
\c@continuedfloat=\count272
)
\c@KVtest=\count273
\sf@farskip=\skip56
\sf@captopadj=\dimen168
\sf@capskip=\skip57
\sf@nearskip=\skip58


Package subfig Warning: Configuration file subfig.cfg not found on input line 297.

\c@subfigure=\count274
\c@subfigure@save=\count275
\c@lofdepth=\count276
\c@subtable=\count277
\c@subtable@save=\count278
\c@lotdepth=\count279
\sf@top=\skip59
\sf@bottom=\skip60
) (d:/texlive/2024/texmf-dist/tex/latex/float/float.sty
Package: float 2001/11/08 v1.3d Float enhancements (AL)
\c@float@type=\count280
\float@exts=\toks20
\float@box=\box53
\@float@everytoks=\toks21
\@floatcapt=\box54
) (d:/texlive/2024/texmf-dist/tex/latex/tools/array.sty
Package: array 2024/06/14 v2.6d Tabular extension package (FMi)
\col@sep=\dimen169
\ar@mcellbox=\box55
\extrarowheight=\dimen170
\NC@list=\toks22
\extratabsurround=\skip61
\backup@length=\skip62
\ar@cellbox=\box56
) (d:/texlive/2024/texmf-dist/tex/latex/tools/longtable.sty
Package: longtable 2024-04-26 v4.20 Multi-page Table package (DPC)
\LTleft=\skip63
\LTright=\skip64
\LTpre=\skip65
\LTpost=\skip66
\LTchunksize=\count281
\LTcapwidth=\dimen171
\LT@head=\box57
\LT@firsthead=\box58
\LT@foot=\box59
\LT@lastfoot=\box60
\LT@gbox=\box61
\LT@cols=\count282
\LT@rows=\count283
\c@LT@tables=\count284
\c@LT@chunks=\count285
\LT@p@ftn=\toks23
) (d:/texlive/2024/texmf-dist/tex/latex/booktabs/booktabs.sty
Package: booktabs 2020/01/12 v1.61803398 Publication quality tables
\heavyrulewidth=\dimen172
\lightrulewidth=\dimen173
\cmidrulewidth=\dimen174
\belowrulesep=\dimen175
\belowbottomsep=\dimen176
\aboverulesep=\dimen177
\abovetopsep=\dimen178
\cmidrulesep=\dimen179
\cmidrulekern=\dimen180
\defaultaddspace=\dimen181
\@cmidla=\count286
\@cmidlb=\count287
\@aboverulesep=\dimen182
\@belowrulesep=\dimen183
\@thisruleclass=\count288
\@lastruleclass=\count289
\@thisrulewidth=\dimen184
) (d:/texlive/2024/texmf-dist/tex/latex/multirow/multirow.sty
Package: multirow 2021/03/15 v2.8 Span multiple rows of a table
\multirow@colwidth=\skip67
\multirow@cntb=\count290
\multirow@dima=\skip68
\bigstrutjot=\dimen185
) (d:/texlive/2024/texmf-dist/tex/latex/tools/tabularx.sty
Package: tabularx 2023/12/11 v2.12a `tabularx' package (DPC)
\TX@col@width=\dimen186
\TX@old@table=\dimen187
\TX@old@col=\dimen188
\TX@target=\dimen189
\TX@delta=\dimen190
\TX@cols=\count291
\TX@ftn=\toks24
) (./slashbox.sty
slashbox style by K.Yasuoka, May 1993.
\@slashboxa=\box62
\@slashboxb=\box63
\@slashboxc=\box64
\@slashboxwd=\count292
\@slashboxht=\count293
\@slashsepl=\dimen191
\@slashsepr=\dimen192
) (d:/texlive/2024/texmf-dist/tex/latex/paralist/paralist.sty
Package: paralist 2017/01/22 v2.7 Extended list environments
\pltopsep=\skip69
\plpartopsep=\skip70
\plitemsep=\skip71
\plparsep=\skip72
\pl@lab=\toks25
) (d:/texlive/2024/texmf-dist/tex/latex/enumitem/enumitem.sty
Package: enumitem 2019/06/20 v3.9 Customized lists
\labelindent=\skip73
\enit@outerparindent=\dimen193
\enit@toks=\toks26
\enit@inbox=\box65
\enit@count@id=\count294
\enitdp@description=\count295
) (d:/texlive/2024/texmf-dist/tex/latex/xcolor/xcolor.sty
Package: xcolor 2023/11/15 v3.01 LaTeX color extensions (UK)
 (d:/texlive/2024/texmf-dist/tex/latex/graphics-cfg/color.cfg
File: color.cfg 2016/01/02 v1.6 sample color configuration
)
Package xcolor Info: Driver file: xetex.def on input line 274.
 (d:/texlive/2024/texmf-dist/tex/latex/graphics/mathcolor.ltx)
Package xcolor Info: Model `cmy' substituted by `cmy0' on input line 1350.
Package xcolor Info: Model `RGB' extended on input line 1366.
Package xcolor Info: Model `HTML' substituted by `rgb' on input line 1368.
Package xcolor Info: Model `Hsb' substituted by `hsb' on input line 1369.
Package xcolor Info: Model `tHsb' substituted by `hsb' on input line 1370.
Package xcolor Info: Model `HSB' substituted by `hsb' on input line 1371.
Package xcolor Info: Model `Gray' substituted by `gray' on input line 1372.
Package xcolor Info: Model `wave' substituted by `hsb' on input line 1373.
) (d:/texlive/2024/texmf-dist/tex/latex/amsmath/amsmath.sty
Package: amsmath 2024/05/23 v2.17q AMS math features
\@mathmargin=\skip74

For additional information on amsmath, use the `?' option.
(d:/texlive/2024/texmf-dist/tex/latex/amsmath/amstext.sty
Package: amstext 2021/08/26 v2.01 AMS text
 (d:/texlive/2024/texmf-dist/tex/latex/amsmath/amsgen.sty
File: amsgen.sty 1999/11/30 v2.0 generic functions
\@emptytoks=\toks27
\ex@=\dimen194
)) (d:/texlive/2024/texmf-dist/tex/latex/amsmath/amsbsy.sty
Package: amsbsy 1999/11/29 v1.2d Bold Symbols
\pmbraise@=\dimen195
) (d:/texlive/2024/texmf-dist/tex/latex/amsmath/amsopn.sty
Package: amsopn 2022/04/08 v2.04 operator names
)
\inf@bad=\count296
LaTeX Info: Redefining \frac on input line 233.
\uproot@=\count297
\leftroot@=\count298
LaTeX Info: Redefining \overline on input line 398.
LaTeX Info: Redefining \colon on input line 409.
\classnum@=\count299
\DOTSCASE@=\count300
LaTeX Info: Redefining \ldots on input line 495.
LaTeX Info: Redefining \dots on input line 498.
LaTeX Info: Redefining \cdots on input line 619.
\Mathstrutbox@=\box66
\strutbox@=\box67
LaTeX Info: Redefining \big on input line 721.
LaTeX Info: Redefining \Big on input line 722.
LaTeX Info: Redefining \bigg on input line 723.
LaTeX Info: Redefining \Bigg on input line 724.
\big@size=\dimen196
LaTeX Font Info:    Redeclaring font encoding OML on input line 742.
LaTeX Font Info:    Redeclaring font encoding OMS on input line 743.
\macc@depth=\count301
LaTeX Info: Redefining \bmod on input line 904.
LaTeX Info: Redefining \pmod on input line 909.
LaTeX Info: Redefining \smash on input line 939.
LaTeX Info: Redefining \relbar on input line 969.
LaTeX Info: Redefining \Relbar on input line 970.
\c@MaxMatrixCols=\count302
\dotsspace@=\muskip17
\c@parentequation=\count303
\dspbrk@lvl=\count304
\tag@help=\toks28
\row@=\count305
\column@=\count306
\maxfields@=\count307
\andhelp@=\toks29
\eqnshift@=\dimen197
\alignsep@=\dimen198
\tagshift@=\dimen199
\tagwidth@=\dimen256
\totwidth@=\dimen257
\lineht@=\dimen258
\@envbody=\toks30
\multlinegap=\skip75
\multlinetaggap=\skip76
\mathdisplay@stack=\toks31
LaTeX Info: Redefining \[ on input line 2953.
LaTeX Info: Redefining \] on input line 2954.
) (d:/texlive/2024/texmf-dist/tex/latex/amsfonts/amssymb.sty
Package: amssymb 2013/01/14 v3.01 AMS font symbols
 (d:/texlive/2024/texmf-dist/tex/latex/amsfonts/amsfonts.sty
Package: amsfonts 2013/01/14 v3.01 Basic AMSFonts support
\symAMSa=\mathgroup4
\symAMSb=\mathgroup5
LaTeX Font Info:    Redeclaring math symbol \hbar on input line 98.
LaTeX Font Info:    Overwriting math alphabet `\mathfrak' in version `bold'
(Font)                  U/euf/m/n --> U/euf/b/n on input line 106.
)) (d:/texlive/2024/texmf-dist/tex/latex/was/upgreek.sty
Package: upgreek 2003/02/12 v2.0 (WaS)
Package upgreek Info: Using Adobe Symbol, scaled 900, for upright Greek on input line 85.
\symugrf@m=\mathgroup6
) (d:/texlive/2024/texmf-dist/tex/latex/tools/bm.sty
Package: bm 2023/12/19 v1.2f Bold Symbol Support (DPC/FMi)
\symboldoperators=\mathgroup7
\symboldletters=\mathgroup8
\symboldsymbols=\mathgroup9
Package bm Info: No bold for \OMX/cmex/m/n, using \pmb.
Package bm Info: No bold for \U/msa/m/n, using \pmb.
Package bm Info: No bold for \U/msb/m/n, using \pmb.
Package bm Info: No bold for \U/fsy/m/n, using \pmb.
LaTeX Font Info:    Redeclaring math alphabet \mathbf on input line 149.
) (d:/texlive/2024/texmf-dist/tex/latex/base/fontenc.sty
Package: fontenc 2021/04/29 v2.0v Standard LaTeX package
LaTeX Font Info:    Trying to load font information for T1+lmr on input line 116.
 (d:/texlive/2024/texmf-dist/tex/latex/lm/t1lmr.fd
File: t1lmr.fd 2015/05/01 v1.6.1 Font defs for Latin Modern
)) (d:/texlive/2024/texmf-dist/tex/latex/ntheorem/ntheorem.sty
Style `ntheorem', Version 1.33 <2011/08/15>
Package: ntheorem 2011/08/15 1.33
\theorem@style=\toks32
\theorem@@style=\toks33
\theorembodyfont=\toks34
\theoremnumbering=\toks35
\theorempreskipamount=\skip77
\theorempostskipamount=\skip78
\theoremframepreskipamount=\skip79
\theoremframepostskipamount=\skip80
\theoreminframepreskipamount=\skip81
\theoreminframepostskipamount=\skip82
\theorem@preskip=\toks36
\theorem@postskip=\toks37
\theorem@framepreskip=\toks38
\theorem@framepostskip=\toks39
\theorem@inframepreskip=\toks40
\theorem@inframepostskip=\toks41
\theoremindent=\dimen259
\theorem@indent=\dimen260
\theoremrightindent=\dimen261
\theorem@rightindent=\dimen262
\theoremheaderfont=\toks42
\theoremseparator=\toks43
\theoremprework=\toks44
\theorempostwork=\toks45
\theoremsymbol=\toks46
\qedsymbol=\toks47
\theoremkeyword=\toks48
\qedsymbol=\toks49
\thm@topsep=\skip83
\thm@topsepadd=\skip84
Package ntheorem Info: Option `thmmarks' loaded on input line 1175.
\c@endNonectr=\count308
\c@currNonectr=\count309
\mysavskip=\skip85
Package ntheorem Info: option `amsmath' handling for `thmmarks' loaded on input line 1175.
\thm@amstmpdepth=\dimen263
\tagwidth=\dimen264
) (d:/texlive/2024/texmf-dist/tex/xelatex/xecjk/xeCJK.sty (d:/texlive/2024/texmf-dist/tex/latex/l3kernel/expl3.sty
Package: expl3 2024-07-20 L3 programming layer (loader) 
 (d:/texlive/2024/texmf-dist/tex/latex/l3backend/l3backend-xetex.def
File: l3backend-xetex.def 2024-05-08 L3 backend support: XeTeX
\g__graphics_track_int=\count310
\l__pdf_internal_box=\box68
\g__pdf_backend_annotation_int=\count311
\g__pdf_backend_link_int=\count312
))
Package: xeCJK 2022/08/05 v3.9.1 Typesetting CJK scripts with XeLaTeX
 (d:/texlive/2024/texmf-dist/tex/latex/ctex/ctexhook.sty
Package: ctexhook 2022/07/14 v2.5.10 Document and package hooks (CTEX)
) (d:/texlive/2024/texmf-dist/tex/latex/l3packages/xtemplate/xtemplate.sty
Package: xtemplate 2024-05-08 L3 Experimental prototype document functions
)
\l__xeCJK_tmp_int=\count313
\l__xeCJK_tmp_box=\box69
\l__xeCJK_tmp_dim=\dimen265
\l__xeCJK_tmp_skip=\skip86
\g__xeCJK_space_factor_int=\count314
\l__xeCJK_begin_int=\count315
\l__xeCJK_end_int=\count316
\c__xeCJK_CJK_class_int=\XeTeXcharclass1
\c__xeCJK_FullLeft_class_int=\XeTeXcharclass2
\c__xeCJK_FullRight_class_int=\XeTeXcharclass3
\c__xeCJK_HalfLeft_class_int=\XeTeXcharclass4
\c__xeCJK_HalfRight_class_int=\XeTeXcharclass5
\c__xeCJK_NormalSpace_class_int=\XeTeXcharclass6
\c__xeCJK_CM_class_int=\XeTeXcharclass7
\c__xeCJK_HangulJamo_class_int=\XeTeXcharclass8
\l__xeCJK_last_skip=\skip87
\c__xeCJK_none_node=\count317
\g__xeCJK_node_int=\count318
\c__xeCJK_CJK_node_dim=\dimen266
\c__xeCJK_CJK-space_node_dim=\dimen267
\c__xeCJK_default_node_dim=\dimen268
\c__xeCJK_CJK-widow_node_dim=\dimen269
\c__xeCJK_normalspace_node_dim=\dimen270
\c__xeCJK_default-space_node_skip=\skip88
\l__xeCJK_ccglue_skip=\skip89
\l__xeCJK_ecglue_skip=\skip90
\l__xeCJK_punct_kern_skip=\skip91
\l__xeCJK_indent_box=\box70
\l__xeCJK_last_penalty_int=\count319
\l__xeCJK_last_bound_dim=\dimen271
\l__xeCJK_last_kern_dim=\dimen272
\l__xeCJK_widow_penalty_int=\count320

LaTeX template Info: Declaring template type 'xeCJK/punctuation' taking 0
(template)           argument(s) on line 2396.

\l__xeCJK_fixed_punct_width_dim=\dimen273
\l__xeCJK_mixed_punct_width_dim=\dimen274
\l__xeCJK_middle_punct_width_dim=\dimen275
\l__xeCJK_fixed_margin_width_dim=\dimen276
\l__xeCJK_mixed_margin_width_dim=\dimen277
\l__xeCJK_middle_margin_width_dim=\dimen278
\l__xeCJK_bound_punct_width_dim=\dimen279
\l__xeCJK_bound_margin_width_dim=\dimen280
\l__xeCJK_margin_minimum_dim=\dimen281
\l__xeCJK_kerning_total_width_dim=\dimen282
\l__xeCJK_same_align_margin_dim=\dimen283
\l__xeCJK_different_align_margin_dim=\dimen284
\l__xeCJK_kerning_margin_width_dim=\dimen285
\l__xeCJK_kerning_margin_minimum_dim=\dimen286
\l__xeCJK_bound_dim=\dimen287
\l__xeCJK_reverse_bound_dim=\dimen288
\l__xeCJK_margin_dim=\dimen289
\l__xeCJK_minimum_bound_dim=\dimen290
\l__xeCJK_kerning_margin_dim=\dimen291
\g__xeCJK_family_int=\count321
\l__xeCJK_fam_int=\count322
\g__xeCJK_fam_allocation_int=\count323
\l__xeCJK_verb_case_int=\count324
\l__xeCJK_verb_exspace_skip=\skip92
 (d:/texlive/2024/texmf-dist/tex/latex/fontspec/fontspec.sty (d:/texlive/2024/texmf-dist/tex/latex/l3packages/xparse/xparse.sty
Package: xparse 2024-05-08 L3 Experimental document command parser
)
Package: fontspec 2024/05/11 v2.9e Font selection for XeLaTeX and LuaLaTeX
 (d:/texlive/2024/texmf-dist/tex/latex/fontspec/fontspec-xetex.sty
Package: fontspec-xetex 2024/05/11 v2.9e Font selection for XeLaTeX and LuaLaTeX
\l__fontspec_script_int=\count325
\l__fontspec_language_int=\count326
\l__fontspec_strnum_int=\count327
\l__fontspec_tmp_int=\count328
\l__fontspec_tmpa_int=\count329
\l__fontspec_tmpb_int=\count330
\l__fontspec_tmpc_int=\count331
\l__fontspec_em_int=\count332
\l__fontspec_emdef_int=\count333
\l__fontspec_strong_int=\count334
\l__fontspec_strongdef_int=\count335
\l__fontspec_tmpa_dim=\dimen292
\l__fontspec_tmpb_dim=\dimen293
\l__fontspec_tmpc_dim=\dimen294
 (d:/texlive/2024/texmf-dist/tex/latex/base/fontenc.sty
Package: fontenc 2021/04/29 v2.0v Standard LaTeX package
) (d:/texlive/2024/texmf-dist/tex/latex/fontspec/fontspec.cfg))) (d:/texlive/2024/texmf-dist/tex/xelatex/xecjk/xeCJK.cfg
File: xeCJK.cfg 2022/08/05 v3.9.1 Configuration file for xeCJK package
)) (d:/texlive/2024/texmf-dist/tex/latex/zhnumber/zhnumber.sty
Package: zhnumber 2022/07/14 v3.0 Typesetting numbers with Chinese glyphs
\l__zhnum_scale_int=\count336
\l__zhnum_tmp_int=\count337
 (d:/texlive/2024/texmf-dist/tex/latex/zhnumber/zhnumber-utf8.cfg
File: zhnumber-utf8.cfg 2022/07/14 v3.0 Chinese numerals with UTF8 encoding
)) (d:/texlive/2024/texmf-dist/tex/latex/tools/indentfirst.sty
Package: indentfirst 2023/07/02 v1.03 Indent first paragraph (DPC)
) (d:/texlive/2024/texmf-dist/tex/xelatex/xecjk/xunicode-addon.sty
Package: xunicode-addon 2022/08/05 v3.9.1 addon file for xunicode
 (d:/texlive/2024/texmf-dist/tex/xelatex/xunicode/xunicode.sty
File: xunicode.sty 2011/09/09 v0.981 provides access to latin accents and many other characters in Unicode lower plane
 (d:/texlive/2024/texmf-dist/tex/latex/tipa/t3enc.def
File: t3enc.def 2001/12/31 T3 encoding
)
\tipaTiiicode=\count338
\tipasavetokens=\toks50
\tipachecktokens=\toks51
)
\l__xunadd_tmp_coffin=\box71
\l__xunadd_circle_coffin=\box72
\l_xunadd_slot_int=\count339
) (d:/texlive/2024/texmf-dist/tex/xelatex/xunicode/xunicode.sty
File: xunicode.sty 2011/09/09 v0.981 provides access to latin accents and many other characters in Unicode lower plane

*** Reloading Xunicode for encoding 'TU' ***
) (d:/texlive/2024/texmf-dist/tex/xelatex/xecjk/xunicode-extra.def
File: xunicode-extra.def 2022/08/05 v3.9.1 extra definition for xunicode
) (d:/texlive/2024/texmf-dist/tex/latex/notoccite/notoccite.sty
Package: notoccite 2000/07/20
) (d:/texlive/2024/texmf-dist/tex/latex/biblatex/biblatex.sty
Package: biblatex 2024/03/21 v3.20 programmable bibliographies (PK/MW)
 (d:/texlive/2024/texmf-dist/tex/generic/pdftexcmds/pdftexcmds.sty
Package: pdftexcmds 2020-06-27 v0.33 Utility functions of pdfTeX for LuaTeX (HO)
 (d:/texlive/2024/texmf-dist/tex/generic/infwarerr/infwarerr.sty
Package: infwarerr 2019/12/03 v1.5 Providing info/warning/error messages (HO)
) (d:/texlive/2024/texmf-dist/tex/generic/ltxcmds/ltxcmds.sty
Package: ltxcmds 2023-12-04 v1.26 LaTeX kernel commands for general use (HO)
)
Package pdftexcmds Info: \pdf@primitive is available.
Package pdftexcmds Info: \pdf@ifprimitive is available.
Package pdftexcmds Info: \pdfdraftmode not found.
) (d:/texlive/2024/texmf-dist/tex/latex/etoolbox/etoolbox.sty
Package: etoolbox 2020/10/05 v2.5k e-TeX tools for LaTeX (JAW)
\etb@tempcnta=\count340
) (d:/texlive/2024/texmf-dist/tex/latex/kvoptions/kvoptions.sty
Package: kvoptions 2022-06-15 v3.15 Key value format for package options (HO)
 (d:/texlive/2024/texmf-dist/tex/latex/kvsetkeys/kvsetkeys.sty
Package: kvsetkeys 2022-10-05 v1.19 Key value parser (HO)
)) (d:/texlive/2024/texmf-dist/tex/latex/logreq/logreq.sty
Package: logreq 2010/08/04 v1.0 xml request logger
\lrq@indent=\count341
 (d:/texlive/2024/texmf-dist/tex/latex/logreq/logreq.def
File: logreq.def 2010/08/04 v1.0 logreq spec v1.0
)) (d:/texlive/2024/texmf-dist/tex/latex/url/url.sty
\Urlmuskip=\muskip18
Package: url 2013/09/16  ver 3.4  Verb mode for urls, etc.
)
\c@tabx@nest=\count342
\c@listtotal=\count343
\c@listcount=\count344
\c@liststart=\count345
\c@liststop=\count346
\c@citecount=\count347
\c@citetotal=\count348
\c@multicitecount=\count349
\c@multicitetotal=\count350
\c@instcount=\count351
\c@maxnames=\count352
\c@minnames=\count353
\c@maxitems=\count354
\c@minitems=\count355
\c@citecounter=\count356
\c@maxcitecounter=\count357
\c@savedcitecounter=\count358
\c@uniquelist=\count359
\c@uniquename=\count360
\c@refsection=\count361
\c@refsegment=\count362
\c@maxextratitle=\count363
\c@maxextratitleyear=\count364
\c@maxextraname=\count365
\c@maxextradate=\count366
\c@maxextraalpha=\count367
\c@abbrvpenalty=\count368
\c@highnamepenalty=\count369
\c@lownamepenalty=\count370
\c@maxparens=\count371
\c@parenlevel=\count372
\blx@tempcnta=\count373
\blx@tempcntb=\count374
\blx@tempcntc=\count375
\c@blx@maxsection=\count376
\blx@maxsegment@0=\count377
\blx@notetype=\count378
\blx@parenlevel@text=\count379
\blx@parenlevel@foot=\count380
\blx@sectionciteorder@0=\count381
\blx@sectionciteorderinternal@0=\count382
\blx@entrysetcounter=\count383
\blx@biblioinstance=\count384
\labelnumberwidth=\skip93
\labelalphawidth=\skip94
\biblabelsep=\skip95
\bibitemsep=\skip96
\bibnamesep=\skip97
\bibinitsep=\skip98
\bibparsep=\skip99
\bibhang=\skip100
\blx@bcfin=\read2
\blx@bcfout=\write3
\blx@langwohyphens=\language89
\c@mincomprange=\count385
\c@maxcomprange=\count386
\c@mincompwidth=\count387
Package biblatex Info: Trying to load biblatex default data model...
Package biblatex Info: ... file 'blx-dm.def' found.
 (d:/texlive/2024/texmf-dist/tex/latex/biblatex/blx-dm.def
File: blx-dm.def 2024/03/21 v3.20 biblatex datamodel (PK/MW)
)
Package biblatex Info: Trying to load biblatex style data model...
Package biblatex Info: ... file 'gb7714-2015.dbx' not found.
Package biblatex Info: Trying to load biblatex custom data model...
Package biblatex Info: ... file 'biblatex-dm.cfg' not found.
\c@afterword=\count388
\c@savedafterword=\count389
\c@annotator=\count390
\c@savedannotator=\count391
\c@author=\count392
\c@savedauthor=\count393
\c@bookauthor=\count394
\c@savedbookauthor=\count395
\c@commentator=\count396
\c@savedcommentator=\count397
\c@editor=\count398
\c@savededitor=\count399
\c@editora=\count400
\c@savededitora=\count401
\c@editorb=\count402
\c@savededitorb=\count403
\c@editorc=\count404
\c@savededitorc=\count405
\c@foreword=\count406
\c@savedforeword=\count407
\c@holder=\count408
\c@savedholder=\count409
\c@introduction=\count410
\c@savedintroduction=\count411
\c@namea=\count412
\c@savednamea=\count413
\c@nameb=\count414
\c@savednameb=\count415
\c@namec=\count416
\c@savednamec=\count417
\c@translator=\count418
\c@savedtranslator=\count419
\c@shortauthor=\count420
\c@savedshortauthor=\count421
\c@shorteditor=\count422
\c@savedshorteditor=\count423
\c@labelname=\count424
\c@savedlabelname=\count425
\c@institution=\count426
\c@savedinstitution=\count427
\c@lista=\count428
\c@savedlista=\count429
\c@listb=\count430
\c@savedlistb=\count431
\c@listc=\count432
\c@savedlistc=\count433
\c@listd=\count434
\c@savedlistd=\count435
\c@liste=\count436
\c@savedliste=\count437
\c@listf=\count438
\c@savedlistf=\count439
\c@location=\count440
\c@savedlocation=\count441
\c@organization=\count442
\c@savedorganization=\count443
\c@origlocation=\count444
\c@savedoriglocation=\count445
\c@origpublisher=\count446
\c@savedorigpublisher=\count447
\c@publisher=\count448
\c@savedpublisher=\count449
\c@language=\count450
\c@savedlanguage=\count451
\c@origlanguage=\count452
\c@savedoriglanguage=\count453
\c@pageref=\count454
\c@savedpageref=\count455
\shorthandwidth=\skip101
\shortjournalwidth=\skip102
\shortserieswidth=\skip103
\shorttitlewidth=\skip104
\shortauthorwidth=\skip105
\shorteditorwidth=\skip106
\locallabelnumberwidth=\skip107
\locallabelalphawidth=\skip108
\localshorthandwidth=\skip109
\localshortjournalwidth=\skip110
\localshortserieswidth=\skip111
\localshorttitlewidth=\skip112
\localshortauthorwidth=\skip113
\localshorteditorwidth=\skip114
Package biblatex Info: Trying to load enhanced support for Unicode engines...
Package biblatex Info: ... file 'blx-unicode.def' found.
 (d:/texlive/2024/texmf-dist/tex/latex/biblatex/blx-unicode.def)
Package biblatex Info: Trying to load compatibility code...
Package biblatex Info: ... file 'blx-compat.def' found.
 (d:/texlive/2024/texmf-dist/tex/latex/biblatex/blx-compat.def
File: blx-compat.def 2024/03/21 v3.20 biblatex compatibility (PK/MW)
)
Package biblatex Info: Trying to load generic definitions...
Package biblatex Info: ... file 'biblatex.def' found.
 (d:/texlive/2024/texmf-dist/tex/latex/biblatex/biblatex.def
File: biblatex.def 2024/03/21 v3.20 biblatex compatibility (PK/MW)
\c@textcitecount=\count456
\c@textcitetotal=\count457
\c@textcitemaxnames=\count458
\c@biburlbigbreakpenalty=\count459
\c@biburlbreakpenalty=\count460
\c@biburlnumpenalty=\count461
\c@biburlucpenalty=\count462
\c@biburllcpenalty=\count463
\biburlbigskip=\muskip19
\biburlnumskip=\muskip20
\biburlucskip=\muskip21
\biburllcskip=\muskip22
\c@smartand=\count464
)
Package biblatex Info: Trying to load bibliography style 'gb7714-2015'...
Package biblatex Info: ... file 'gb7714-2015.bbx' found.
 (d:/texlive/2024/texmf-dist/tex/latex/biblatex-gb7714-2015/gb7714-2015.bbx
File: gb7714-2015.bbx 2024/03/27 v1.1qbiblatex bibliography style
Package biblatex Info: Trying to load bibliography style 'numeric-comp'...
Package biblatex Info: ... file 'numeric-comp.bbx' found.
 (d:/texlive/2024/texmf-dist/tex/latex/biblatex/bbx/numeric-comp.bbx
File: numeric-comp.bbx 2024/03/21 v3.20 biblatex bibliography style (PK/MW)
Package biblatex Info: Trying to load bibliography style 'numeric'...
Package biblatex Info: ... file 'numeric.bbx' found.
 (d:/texlive/2024/texmf-dist/tex/latex/biblatex/bbx/numeric.bbx
File: numeric.bbx 2024/03/21 v3.20 biblatex bibliography style (PK/MW)
Package biblatex Info: Trying to load bibliography style 'standard'...
Package biblatex Info: ... file 'standard.bbx' found.
 (d:/texlive/2024/texmf-dist/tex/latex/biblatex/bbx/standard.bbx
File: standard.bbx 2024/03/21 v3.20 biblatex bibliography style (PK/MW)
\c@bbx:relatedcount=\count465
\c@bbx:relatedtotal=\count466
))) (d:/texlive/2024/texmf-dist/tex/generic/xstring/xstring.sty (d:/texlive/2024/texmf-dist/tex/generic/xstring/xstring.tex
\xs_counta=\count467
\xs_countb=\count468
)
Package: xstring 2023/08/22 v1.86 String manipulations (CT)
)
\BracketLift=\skip115
\footbibmargin=\skip116
\footbiblabelsep=\skip117
\c@gbnamefmtcase=\count469
\c@gbalignlabel=\count470
\c@gbcitelocalcase=\count471
\c@gbbiblocalcase=\count472
\c@lanordernum=\count473
\bibitemindent=\skip118
\biblabelextend=\skip119


Package biblatex Warning: Macro 'byeditor+others' already defined.
(biblatex)                Using \renewbibmacro.

Package biblatex Info: Delimiter 'finalnamedelim' in context '' already defined, overwriting.
)
Package biblatex Info: Trying to load citation style 'gb7714-2015'...
Package biblatex Info: ... file 'gb7714-2015.cbx' found.
 (d:/texlive/2024/texmf-dist/tex/latex/biblatex-gb7714-2015/gb7714-2015.cbx
File: gb7714-2015.cbx a biblatex citation style for GB/T 7714-2015
Package biblatex Info: Trying to load citation style 'numeric-comp'...
Package biblatex Info: ... file 'numeric-comp.cbx' found.
 (d:/texlive/2024/texmf-dist/tex/latex/biblatex/cbx/numeric-comp.cbx
File: numeric-comp.cbx 2024/03/21 v3.20 biblatex citation style (PK/MW)
\c@cbx@tempcnta=\count474
\c@cbx@tempcntb=\count475
\c@cbx@tempcntc=\count476
\c@cbx@tempcntd=\count477
Package biblatex Info: Redefining '\cite'.
Package biblatex Info: Redefining '\parencite'.
Package biblatex Info: Redefining '\footcite'.
Package biblatex Info: Redefining '\footcitetext'.
Package biblatex Info: Redefining '\smartcite'.
Package biblatex Info: Redefining '\supercite'.
Package biblatex Info: Redefining '\textcite'.
Package biblatex Info: Redefining '\textcites'.
Package biblatex Info: Redefining '\cites'.
Package biblatex Info: Redefining '\parencites'.
Package biblatex Info: Redefining '\smartcites'.
)
\c@gbrefcompress=\count478
Package biblatex Info: Redefining '\cite'.
Package biblatex Info: Redefining '\parencite'.
Package biblatex Info: Redefining '\cbx@textcite'.
)
Package biblatex Info: Trying to load configuration file...
Package biblatex Info: ... file 'biblatex.cfg' found.
 (d:/texlive/2024/texmf-dist/tex/latex/biblatex/biblatex.cfg
File: biblatex.cfg 
)
\lengthid=\skip120
\lengthlw=\skip121
Package biblatex Info: XeTeX detected.
(biblatex)             Assuming input encoding 'utf8'.
Package biblatex Info: Document encoding is UTF8 ....
Package biblatex Info: ... and expl3
(biblatex)             2024-07-20 L3 programming layer (loader) 
(biblatex)             is new enough (at least 2020/04/06),
(biblatex)             setting 'casechanger=expl3'.
 (d:/texlive/2024/texmf-dist/tex/latex/biblatex/blx-case-expl3.sty
Package: blx-case-expl3 2024/03/21 v3.20 expl3 case changing code for biblatex
))
\refindent=\skip122
Package biblatex Info: Delimiter 'streditortypes' in context '' already defined, overwriting on input line 134.
Package biblatex Info: Delimiter 'streditortype' in context '' already defined, overwriting on input line 150.
 (d:/texlive/2024/texmf-dist/tex/latex/hyperref/hyperref.sty
Package: hyperref 2024-07-10 v7.01j Hypertext links for LaTeX
 (d:/texlive/2024/texmf-dist/tex/generic/kvdefinekeys/kvdefinekeys.sty
Package: kvdefinekeys 2019-12-19 v1.6 Define keys (HO)
) (d:/texlive/2024/texmf-dist/tex/generic/pdfescape/pdfescape.sty
Package: pdfescape 2019/12/09 v1.15 Implements pdfTeX's escape features (HO)
) (d:/texlive/2024/texmf-dist/tex/latex/hycolor/hycolor.sty
Package: hycolor 2020-01-27 v1.10 Color options for hyperref/bookmark (HO)
) (d:/texlive/2024/texmf-dist/tex/latex/hyperref/nameref.sty
Package: nameref 2023-11-26 v2.56 Cross-referencing by name of section
 (d:/texlive/2024/texmf-dist/tex/latex/refcount/refcount.sty
Package: refcount 2019/12/15 v3.6 Data extraction from label references (HO)
) (d:/texlive/2024/texmf-dist/tex/generic/gettitlestring/gettitlestring.sty
Package: gettitlestring 2019/12/15 v1.6 Cleanup title references (HO)
)
\c@section@level=\count479
) (d:/texlive/2024/texmf-dist/tex/generic/stringenc/stringenc.sty
Package: stringenc 2019/11/29 v1.12 Convert strings between diff. encodings (HO)
)
\@linkdim=\dimen295
\Hy@linkcounter=\count480
\Hy@pagecounter=\count481
 (d:/texlive/2024/texmf-dist/tex/latex/hyperref/pd1enc.def
File: pd1enc.def 2024-07-10 v7.01j Hyperref: PDFDocEncoding definition (HO)
) (d:/texlive/2024/texmf-dist/tex/generic/intcalc/intcalc.sty
Package: intcalc 2019/12/15 v1.3 Expandable calculations with integers (HO)
)
\Hy@SavedSpaceFactor=\count482
 (d:/texlive/2024/texmf-dist/tex/latex/hyperref/puenc.def
File: puenc.def 2024-07-10 v7.01j Hyperref: PDF Unicode definition (HO)
 (d:/texlive/2024/texmf-dist/tex/latex/greek-fontenc/puenc-greek.def
File: puenc-greek.def 2023-09-12 2.5 Greek LICRs for PDF strings
 (d:/texlive/2024/texmf-dist/tex/latex/greek-fontenc/greek-fontenc.def
File: greek-fontenc.def 2023-09-12 2.5 Common Greek font encoding definitions
)))
Package hyperref Info: Option `colorlinks' set `true' on input line 4040.
Package hyperref Info: Hyper figures OFF on input line 4157.
Package hyperref Info: Link nesting OFF on input line 4162.
Package hyperref Info: Hyper index ON on input line 4165.
Package hyperref Info: Plain pages OFF on input line 4172.
Package hyperref Info: Backreferencing OFF on input line 4177.
Package hyperref Info: Implicit mode ON; LaTeX internals redefined.
Package hyperref Info: Bookmarks ON on input line 4424.
\c@Hy@tempcnt=\count483
LaTeX Info: Redefining \url on input line 4763.
\XeTeXLinkMargin=\dimen296
 (d:/texlive/2024/texmf-dist/tex/generic/bitset/bitset.sty
Package: bitset 2019/12/09 v1.3 Handle bit-vector datatype (HO)
 (d:/texlive/2024/texmf-dist/tex/generic/bigintcalc/bigintcalc.sty
Package: bigintcalc 2019/12/15 v1.5 Expandable calculations on big integers (HO)
))
\Fld@menulength=\count484
\Field@Width=\dimen297
\Fld@charsize=\dimen298
Package hyperref Info: Hyper figures OFF on input line 6042.
Package hyperref Info: Link nesting OFF on input line 6047.
Package hyperref Info: Hyper index ON on input line 6050.
Package hyperref Info: backreferencing OFF on input line 6057.
Package hyperref Info: Link coloring ON on input line 6060.
Package hyperref Info: Link coloring with OCG OFF on input line 6067.
Package hyperref Info: PDF/A mode OFF on input line 6072.
 (d:/texlive/2024/texmf-dist/tex/latex/base/atbegshi-ltx.sty
Package: atbegshi-ltx 2021/01/10 v1.0c Emulation of the original atbegshi
package with kernel methods
)
\Hy@abspage=\count485
\c@Item=\count486
\c@Hfootnote=\count487
)
Package hyperref Info: Driver (autodetected): hxetex.
 (d:/texlive/2024/texmf-dist/tex/latex/hyperref/hxetex.def
File: hxetex.def 2024-07-10 v7.01j Hyperref driver for XeTeX
\pdfm@box=\box73
\c@Hy@AnnotLevel=\count488
\HyField@AnnotCount=\count489
\Fld@listcount=\count490
\c@bookmark@seq@number=\count491
 (d:/texlive/2024/texmf-dist/tex/latex/rerunfilecheck/rerunfilecheck.sty
Package: rerunfilecheck 2022-07-10 v1.10 Rerun checks for auxiliary files (HO)
 (d:/texlive/2024/texmf-dist/tex/latex/base/atveryend-ltx.sty
Package: atveryend-ltx 2020/08/19 v1.0a Emulation of the original atveryend package
with kernel methods
) (d:/texlive/2024/texmf-dist/tex/generic/uniquecounter/uniquecounter.sty
Package: uniquecounter 2019/12/15 v1.4 Provide unlimited unique counter (HO)
)
Package uniquecounter Info: New unique counter `rerunfilecheck' on input line 285.
)
\Hy@SectionHShift=\skip123
) (d:/texlive/2024/texmf-dist/tex/latex/datetime/datetime.sty
Package: datetime 2015/03/20 v2.60 Date Time Package
 (d:/texlive/2024/texmf-dist/tex/latex/fmtcount/fmtcount.sty
Invalid UTF-8 byte or sequence at line 10 replaced by U+FFFD.
Invalid UTF-8 byte or sequence at line 22 replaced by U+FFFD.
Package: fmtcount 2020/01/30 v3.07
 (d:/texlive/2024/texmf-dist/tex/latex/xkeyval/xkeyval.sty
Package: xkeyval 2022/06/16 v2.9 package option processing (HA)
 (d:/texlive/2024/texmf-dist/tex/generic/xkeyval/xkeyval.tex (d:/texlive/2024/texmf-dist/tex/generic/xkeyval/xkvutils.tex
\XKV@toks=\toks52
\XKV@tempa@toks=\toks53
)
\XKV@depth=\count492
File: xkeyval.tex 2014/12/03 v2.7a key=value parser (HA)
)) (d:/texlive/2024/texmf-dist/tex/latex/fmtcount/fcprefix.sty
Invalid UTF-8 byte or sequence at line 10 replaced by U+FFFD.
Invalid UTF-8 byte or sequence at line 22 replaced by U+FFFD.
Package: fcprefix 2012/09/28
 (d:/texlive/2024/texmf-dist/tex/latex/fmtcount/fcnumparser.sty
Invalid UTF-8 byte or sequence at line 10 replaced by U+FFFD.
Invalid UTF-8 byte or sequence at line 22 replaced by U+FFFD.
Package: fcnumparser 2017/06/15
\fc@digit@counter=\count493
))
\c@padzeroesN=\count494
\fc@tmpcatcode=\count495
\@DT@modctr=\count496
\@ordinalctr=\count497
\@orgargctr=\count498
\@strctr=\count499
\@tmpstrctr=\count500
\@DT@loopN=\count501
\@DT@X=\count502
) (d:/texlive/2024/texmf-dist/tex/latex/datetime/datetime-defaults.sty
Package: datetime-defaults 2013/09/10
)
\@day=\count503
\@month=\count504
\@year=\count505
\c@HOUR=\count506
\c@HOURXII=\count507
\c@MINUTE=\count508
\c@TOHOUR=\count509
\c@TOMINUTE=\count510
\c@SECOND=\count511
\currenthour=\count512
\currentminute=\count513
\currentsecond=\count514
Package datetime Info: No datetime.cfg file found, using default settings on input line 308.
\@dtctr=\count515
\dayofyear=\count516
\dayofweek=\count517
LaTeX Info: Redefining \today on input line 736.
\dt@a=\toks54
\dt@b=\toks55
)

Package fontspec Info: 
(fontspec)             Font family 'TimesNewRoman(0)' created for font 'Times
(fontspec)             New Roman' with options
(fontspec)             [Mapping=tex-text,Ligatures=TeX].
(fontspec)              
(fontspec)              This font family consists of the following NFSS
(fontspec)             series/shapes:
(fontspec)              
(fontspec)             - 'normal' (m/n) with NFSS spec.: <->"Times New
(fontspec)             Roman/OT:script=latn;language=dflt;mapping=tex-text;"
(fontspec)             - 'small caps'  (m/sc) with NFSS spec.: <->"Times New
(fontspec)             Roman/OT:script=latn;language=dflt;+smcp;mapping=tex-text;"
(fontspec)             - 'bold' (b/n) with NFSS spec.: <->"Times New
(fontspec)             Roman/B/OT:script=latn;language=dflt;mapping=tex-text;"
(fontspec)             - 'bold small caps'  (b/sc) with NFSS spec.: <->"Times
(fontspec)             New
(fontspec)             Roman/B/OT:script=latn;language=dflt;+smcp;mapping=tex-text;"
(fontspec)             - 'italic' (m/it) with NFSS spec.: <->"Times New
(fontspec)             Roman/I/OT:script=latn;language=dflt;mapping=tex-text;"
(fontspec)             - 'italic small caps'  (m/scit) with NFSS spec.:
(fontspec)             <->"Times New
(fontspec)             Roman/I/OT:script=latn;language=dflt;+smcp;mapping=tex-text;"
(fontspec)             - 'bold italic' (b/it) with NFSS spec.: <->"Times New
(fontspec)             Roman/BI/OT:script=latn;language=dflt;mapping=tex-text;"
(fontspec)             - 'bold italic small caps'  (b/scit) with NFSS spec.:
(fontspec)             <->"Times New
(fontspec)             Roman/BI/OT:script=latn;language=dflt;+smcp;mapping=tex-text;"


Package fontspec Info: 
(fontspec)             Font family 'Arial(0)' created for font 'Arial' with
(fontspec)             options [Mapping=tex-text,Ligatures=TeX].
(fontspec)              
(fontspec)              This font family consists of the following NFSS
(fontspec)             series/shapes:
(fontspec)              
(fontspec)             - 'normal' (m/n) with NFSS spec.:
(fontspec)             <->"Arial/OT:script=latn;language=dflt;mapping=tex-text;"
(fontspec)             - 'small caps'  (m/sc) with NFSS spec.:
(fontspec)             <->"Arial/OT:script=latn;language=dflt;+smcp;mapping=tex-text;"
(fontspec)             - 'bold' (b/n) with NFSS spec.:
(fontspec)             <->"Arial/B/OT:script=latn;language=dflt;mapping=tex-text;"
(fontspec)             - 'bold small caps'  (b/sc) with NFSS spec.:
(fontspec)             <->"Arial/B/OT:script=latn;language=dflt;+smcp;mapping=tex-text;"
(fontspec)             - 'italic' (m/it) with NFSS spec.:
(fontspec)             <->"Arial/I/OT:script=latn;language=dflt;mapping=tex-text;"
(fontspec)             - 'italic small caps'  (m/scit) with NFSS spec.:
(fontspec)             <->"Arial/I/OT:script=latn;language=dflt;+smcp;mapping=tex-text;"
(fontspec)             - 'bold italic' (b/it) with NFSS spec.:
(fontspec)             <->"Arial/BI/OT:script=latn;language=dflt;mapping=tex-text;"
(fontspec)             - 'bold italic small caps'  (b/scit) with NFSS spec.:
(fontspec)             <->"Arial/BI/OT:script=latn;language=dflt;+smcp;mapping=tex-text;"


Package fontspec Info: 
(fontspec)             Font family 'CourierNew(0)' created for font 'Courier
(fontspec)             New' with options
(fontspec)             [Mapping=tex-text,WordSpace={1,0,0},HyphenChar=None,PunctuationSpace=WordSpace].
(fontspec)              
(fontspec)              This font family consists of the following NFSS
(fontspec)             series/shapes:
(fontspec)              
(fontspec)             - 'normal' (m/n) with NFSS spec.: <->"Courier
(fontspec)             New/OT:script=latn;language=dflt;mapping=tex-text;"
(fontspec)             - 'bold' (b/n) with NFSS spec.: <->"Courier
(fontspec)             New/B/OT:script=latn;language=dflt;mapping=tex-text;"
(fontspec)             - 'italic' (m/it) with NFSS spec.: <->"Courier
(fontspec)             New/I/OT:script=latn;language=dflt;mapping=tex-text;"
(fontspec)             - 'bold italic' (b/it) with NFSS spec.: <->"Courier
(fontspec)             New/BI/OT:script=latn;language=dflt;mapping=tex-text;"


Package fontspec Info: 
(fontspec)             Font family 'simsun.ttc(0)' created for font
(fontspec)             'simsun.ttc' with options
(fontspec)             [Mapping=tex-text,Script={CJK},BoldFont={华文中宋.TTF}].
(fontspec)              
(fontspec)              This font family consists of the following NFSS
(fontspec)             series/shapes:
(fontspec)              
(fontspec)             - 'normal' (m/n) with NFSS spec.:
(fontspec)             <->"[simsun.ttc]/OT:script=hani;language=dflt;mapping=tex-text;"
(fontspec)             - 'bold' (b/n) with NFSS spec.:
(fontspec)             <->"[华文中宋.TTF]/OT:script=hani;language=dflt;mapping=tex-text;"
(fontspec)             - 'italic' (m/it) with NFSS spec.:
(fontspec)             <->"[simsun.ttc]/OT:script=hani;language=dflt;mapping=tex-text;"
(fontspec)             - 'bold italic' (b/it) with NFSS spec.:
(fontspec)             <->"[simsun.ttc]/OT:script=hani;language=dflt;mapping=tex-text;"

\thu@linespace=\skip124
\CJK@twochars=\skip125
\biblabelwd=\skip126
\c@currproofctr=\count518
\c@endproofctr=\count519
\c@proof=\count520
\c@currassumptionctr=\count521
\c@endassumptionctr=\count522
\c@assumption=\count523
\c@currdefinitionctr=\count524
\c@enddefinitionctr=\count525
\c@definition=\count526
\c@currlemmactr=\count527
\c@endlemmactr=\count528
\c@lemma=\count529
\c@currtheoremctr=\count530
\c@endtheoremctr=\count531
\c@theorem=\count532
\c@curraxiomctr=\count533
\c@endaxiomctr=\count534
\c@axiom=\count535
\c@currcorollaryctr=\count536
\c@endcorollaryctr=\count537
\c@corollary=\count538
\c@currconjecturectr=\count539
\c@endconjecturectr=\count540
\c@conjecture=\count541
\c@currpropositionctr=\count542
\c@endpropositionctr=\count543
\c@proposition=\count544
\c@currexercisectr=\count545
\c@endexercisectr=\count546
\c@exercise=\count547
\c@currexamplectr=\count548
\c@endexamplectr=\count549
\c@example=\count550
\c@currproblemctr=\count551
\c@endproblemctr=\count552
\c@problem=\count553
\c@currremarkctr=\count554
\c@endremarkctr=\count555
\c@remark=\count556
\displaytitle=\toks56
) (./mynudt.sty
Package: mynudt 2009/08/20 by you
 (d:/texlive/2024/texmf-dist/tex/latex/cases/cases.sty
Package: cases 2020/03/29 ver 3.2
\numc@numwid=\dimen299
) (d:/texlive/2024/texmf-dist/tex/latex/listings/listings.sty
\lst@mode=\count557
\lst@gtempboxa=\box74
\lst@token=\toks57
\lst@length=\count558
\lst@currlwidth=\dimen300
\lst@column=\count559
\lst@pos=\count560
\lst@lostspace=\dimen301
\lst@width=\dimen302
\lst@newlines=\count561
\lst@lineno=\count562
\lst@maxwidth=\dimen303
 (d:/texlive/2024/texmf-dist/tex/latex/listings/lstpatch.sty
File: lstpatch.sty 2024/05/25 1.10b (Carsten Heinz)
) (d:/texlive/2024/texmf-dist/tex/latex/listings/lstmisc.sty
File: lstmisc.sty 2024/05/25 1.10b (Carsten Heinz)
\c@lstnumber=\count563
\lst@skipnumbers=\count564
\lst@framebox=\box75
) (d:/texlive/2024/texmf-dist/tex/latex/listings/listings.cfg
File: listings.cfg 2024/05/25 1.10b listings configuration
))
Package: listings 2024/05/25 1.10b (Carsten Heinz)
 (d:/texlive/2024/texmf-dist/tex/xelatex/xecjk/xeCJK-listings.sty
Package: xeCJK-listings 2022/08/05 v3.9.1 xeCJK patch file for listings
\l__xeCJK_listings_max_char_int=\count565
\l__xeCJK_listings_flag_int=\count566
) (d:/texlive/2024/texmf-dist/tex/latex/fancyvrb/fancyvrb.sty
Package: fancyvrb 2024/01/20 4.5c verbatim text (tvz,hv)
\FV@CodeLineNo=\count567
\FV@InFile=\read3
\FV@TabBox=\box76
\c@FancyVerbLine=\count568
\FV@StepNumber=\count569
\FV@OutFile=\write4
) (d:/texlive/2024/texmf-dist/tex/latex/algorithms/algorithm.sty
Invalid UTF-8 byte or sequence at line 11 replaced by U+FFFD.
Package: algorithm 2009/08/24 v0.1 Document Style `algorithm' - floating environment
\@float@every@algorithm=\toks58
\c@algorithm=\count570
) (d:/texlive/2024/texmf-dist/tex/latex/algorithms/algorithmic.sty
Invalid UTF-8 byte or sequence at line 11 replaced by U+FFFD.
Package: algorithmic 2009/08/24 v0.1 Document Style `algorithmic'
\c@ALC@unique=\count571
\c@ALC@line=\count572
\c@ALC@rem=\count573
\c@ALC@depth=\count574
\ALC@tlm=\skip127
\algorithmicindent=\skip128
) (d:/texlive/2024/texmf-dist/tex/latex/framed/framed.sty
Package: framed 2011/10/22 v 0.96: framed or shaded text with page breaks
\OuterFrameSep=\skip129
\fb@frw=\dimen304
\fb@frh=\dimen305
\FrameRule=\dimen306
\FrameSep=\dimen307
) (d:/texlive/2024/texmf-dist/tex/latex/nomencl/nomencl.sty
Package: nomencl 2021/11/10 v5.6 Nomenclature package
 (d:/texlive/2024/texmf-dist/tex/latex/koma-script/tocbasic.sty
Package: tocbasic 2023/07/07 v3.41 KOMA-Script package (handling toc-files)
 (d:/texlive/2024/texmf-dist/tex/latex/koma-script/scrbase.sty
Package: scrbase 2023/07/07 v3.41 KOMA-Script package (KOMA-Script-independent basics and keyval usage)
 (d:/texlive/2024/texmf-dist/tex/latex/koma-script/scrlfile.sty
Package: scrlfile 2023/07/07 v3.41 KOMA-Script package (file load hooks)
 (d:/texlive/2024/texmf-dist/tex/latex/koma-script/scrlfile-hook.sty
Package: scrlfile-hook 2023/07/07 v3.41 KOMA-Script package (using LaTeX hooks)
 (d:/texlive/2024/texmf-dist/tex/latex/koma-script/scrlogo.sty
Package: scrlogo 2023/07/07 v3.41 KOMA-Script package (logo)
)))
Applying: [2021/05/01] Usage of raw or classic option list on input line 252.
Already applied: [0000/00/00] Usage of raw or classic option list on input line 368.
)
\scr@dte@tocline@numberwidth=\skip130
\scr@dte@tocline@numbox=\box77
)
Package tocbasic Info: omitting babel extension for `nlo'
(tocbasic)             because of missing \bbl@set@language on input line 187.
Package tocbasic Info: omitting babel extension for `nls'
(tocbasic)             because of missing \bbl@set@language on input line 188.
\nomlabelwidth=\dimen308
\nom@tempdim=\dimen309
\nomitemsep=\skip131
)) (d:/texlive/2024/texmf-dist/tex/latex/makecell/makecell.sty
Package: makecell 2009/08/03 V0.1e Managing of Tab Column Heads and Cells
\rotheadsize=\dimen310
\c@nlinenum=\count575
\TeXr@lab=\toks59
)
\@quotelevel=\count576
\@quotereset=\count577
 (./mainpaper.aux)
\openout1 = `mainpaper.aux'.

LaTeX Font Info:    Checking defaults for OML/cmm/m/it on input line 138.
LaTeX Font Info:    ... okay on input line 138.
LaTeX Font Info:    Checking defaults for OMS/cmsy/m/n on input line 138.
LaTeX Font Info:    ... okay on input line 138.
LaTeX Font Info:    Checking defaults for OT1/cmr/m/n on input line 138.
LaTeX Font Info:    ... okay on input line 138.
LaTeX Font Info:    Checking defaults for T1/cmr/m/n on input line 138.
LaTeX Font Info:    ... okay on input line 138.
LaTeX Font Info:    Checking defaults for TS1/cmr/m/n on input line 138.
LaTeX Font Info:    Trying to load font information for TS1+cmr on input line 138.
 (d:/texlive/2024/texmf-dist/tex/latex/base/ts1cmr.fd
File: ts1cmr.fd 2023/04/13 v2.5m Standard LaTeX font definitions
)
LaTeX Font Info:    ... okay on input line 138.
LaTeX Font Info:    Checking defaults for TU/lmr/m/n on input line 138.
LaTeX Font Info:    ... okay on input line 138.
LaTeX Font Info:    Checking defaults for OMX/cmex/m/n on input line 138.
LaTeX Font Info:    ... okay on input line 138.
LaTeX Font Info:    Checking defaults for U/cmr/m/n on input line 138.
LaTeX Font Info:    ... okay on input line 138.
LaTeX Font Info:    Checking defaults for T3/cmr/m/n on input line 138.
LaTeX Font Info:    Trying to load font information for T3+cmr on input line 138.
 (d:/texlive/2024/texmf-dist/tex/latex/tipa/t3cmr.fd
File: t3cmr.fd 2001/12/31 TIPA font definitions
)
LaTeX Font Info:    ... okay on input line 138.
LaTeX Font Info:    Checking defaults for PD1/pdf/m/n on input line 138.
LaTeX Font Info:    ... okay on input line 138.
LaTeX Font Info:    Checking defaults for PU/pdf/m/n on input line 138.
LaTeX Font Info:    ... okay on input line 138.

*geometry* driver: auto-detecting
*geometry* detected driver: xetex
*geometry* verbose mode - [ preamble ] result:
* driver: xetex
* paper: <default>
* layout: <same size as paper>
* layoutoffset:(h,v)=(0.0pt,0.0pt)
* modes: includehead includefoot twoside 
* h-part:(L,W,R)=(85.35826pt, 426.79135pt, 85.35826pt)
* v-part:(T,H,B)=(59.75078pt, 712.74155pt, 72.55452pt)
* \paperwidth=597.50787pt
* \paperheight=845.04684pt
* \textwidth=426.79135pt
* \textheight=658.68135pt
* \oddsidemargin=13.08827pt
* \evensidemargin=13.08827pt
* \topmargin=-12.51921pt
* \headheight=25.60747pt
* \headsep=2.84526pt
* \topskip=0.0pt
* \footskip=25.60747pt
* \marginparwidth=88.0pt
* \marginparsep=7.0pt
* \columnsep=10.0pt
* \skip\footins=10.8pt plus 4.0pt minus 2.0pt
* \hoffset=0.0pt
* \voffset=0.0pt
* \mag=1000
* \@twocolumnfalse
* \@twosidetrue
* \@mparswitchtrue
* \@reversemarginfalse
* (1in=72.27pt=25.4mm, 1cm=28.453pt)

Package caption Info: Begin \AtBeginDocument code.
Package caption Info: subfig package v1.3 is loaded.
Package caption Info: float package is loaded.
Package caption Info: hyperref package is loaded.
Package caption Info: listings package is loaded.
Package caption Info: longtable package is loaded.
(d:/texlive/2024/texmf-dist/tex/latex/caption/ltcaption.sty
Package: ltcaption 2021/01/08 v1.4c longtable captions (AR)
)
Package caption Info: End \AtBeginDocument code.
Package biblatex Info: Trying to load language 'english'...
Package biblatex Info: ... file 'english.lbx' found.
 (d:/texlive/2024/texmf-dist/tex/latex/biblatex/lbx/english.lbx
File: english.lbx 2024/03/21 v3.20 biblatex localization (PK/MW)
)
Package biblatex Info: XeTeX detected.
(biblatex)             Assuming input encoding 'utf8'.
Package biblatex Info: Automatic encoding selection.
(biblatex)             Assuming data encoding 'utf8'.
\openout3 = `mainpaper.bcf'.

Package biblatex Info: Trying to load bibliographic data...
Package biblatex Info: ... file 'mainpaper.bbl' found.
 (./mainpaper.bbl)
Package biblatex Info: Reference section=0 on input line 138.
Package biblatex Info: Reference segment=0 on input line 138.
Package hyperref Info: Link coloring ON on input line 138.
 (./mainpaper.out) (./mainpaper.out)
\@outlinefile=\write5
\openout5 = `mainpaper.out'.

 (d:/texlive/2024/texmf-dist/tex/latex/fmtcount/fc-english.def
Invalid UTF-8 byte or sequence at line 10 replaced by U+FFFD.
Invalid UTF-8 byte or sequence at line 22 replaced by U+FFFD.
File: fc-english.def 2016/01/12
)
\c@lstlisting=\count578
Package tocbasic Info: omitting babel extension for `lol'
(tocbasic)             because of missing \bbl@set@language on input line 138.

Package fontspec Info: 
(fontspec)             Font family '仿宋GB2312v2.00.ttf(0)' created for font
(fontspec)             '仿宋GB2312 v2.00.ttf' with options
(fontspec)             [Mapping=tex-text,Script={CJK}].
(fontspec)              
(fontspec)              This font family consists of the following NFSS
(fontspec)             series/shapes:
(fontspec)              
(fontspec)             - 'normal' (m/n) with NFSS spec.: <->"[仿宋GB2312
(fontspec)             v2.00.ttf]/OT:script=hani;language=dflt;mapping=tex-text;"

LaTeX Font Info:    Calculating math sizes for size <10.53937> on input line 145.


LaTeX Font Warning: Font shape `OT1/cmr/m/n' in size <10.53937> not available
(Font)              size <10.95> substituted on input line 145.


LaTeX Font Warning: Font shape `OML/cmm/m/it' in size <10.53937> not available
(Font)              size <10.95> substituted on input line 145.


LaTeX Font Warning: Font shape `OMS/cmsy/m/n' in size <10.53937> not available
(Font)              size <10.95> substituted on input line 145.

LaTeX Font Info:    Trying to load font information for U+msa on input line 145.
(d:/texlive/2024/texmf-dist/tex/latex/amsfonts/umsa.fd
File: umsa.fd 2013/01/14 v3.01 AMS symbols A
)
LaTeX Font Info:    Trying to load font information for U+msb on input line 145.
 (d:/texlive/2024/texmf-dist/tex/latex/amsfonts/umsb.fd
File: umsb.fd 2013/01/14 v3.01 AMS symbols B
)
LaTeX Font Info:    Font shape `U/fsy/m/n' will be
(Font)              scaled to size 9.48535pt on input line 145.
LaTeX Font Info:    Font shape `U/fsy/m/n' will be
(Font)              scaled to size 6.63971pt on input line 145.
LaTeX Font Info:    Font shape `U/fsy/m/n' will be
(Font)              scaled to size 4.74268pt on input line 145.


LaTeX Font Warning: Font shape `OT1/cmr/bx/n' in size <10.53937> not available
(Font)              size <10.95> substituted on input line 145.


LaTeX Font Warning: Font shape `OML/cmm/b/it' in size <10.53937> not available
(Font)              size <10.95> substituted on input line 145.


LaTeX Font Warning: Font shape `OMS/cmsy/b/n' in size <10.53937> not available
(Font)              size <10.95> substituted on input line 145.


Package fontspec Info: 
(fontspec)             Font family 'simhei.ttf(0)' created for font
(fontspec)             'simhei.ttf' with options
(fontspec)             [Mapping=tex-text,Script={CJK}].
(fontspec)              
(fontspec)              This font family consists of the following NFSS
(fontspec)             series/shapes:
(fontspec)              
(fontspec)             - 'normal' (m/n) with NFSS spec.:
(fontspec)             <->"[simhei.ttf]/OT:script=hani;language=dflt;mapping=tex-text;"

LaTeX Font Info:    Calculating math sizes for size <14.05249> on input line 145.
LaTeX Font Info:    Font shape `U/fsy/m/n' will be
(Font)              scaled to size 12.64714pt on input line 145.
LaTeX Font Info:    Font shape `U/fsy/m/n' will be
(Font)              scaled to size 8.85295pt on input line 145.
LaTeX Font Info:    Font shape `U/fsy/m/n' will be
(Font)              scaled to size 6.32356pt on input line 145.


[1

]

[2

]
LaTeX Font Info:    Calculating math sizes for size <16.06> on input line 145.


LaTeX Font Warning: Font shape `OT1/cmr/m/n' in size <16.06> not available
(Font)              size <17.28> substituted on input line 145.


LaTeX Font Warning: Font shape `OML/cmm/m/it' in size <16.06> not available
(Font)              size <17.28> substituted on input line 145.


LaTeX Font Warning: Font shape `OMS/cmsy/m/n' in size <16.06> not available
(Font)              size <17.28> substituted on input line 145.

LaTeX Font Info:    Font shape `U/fsy/m/n' will be
(Font)              scaled to size 14.45389pt on input line 145.
LaTeX Font Info:    Font shape `U/fsy/m/n' will be
(Font)              scaled to size 10.11768pt on input line 145.
LaTeX Font Info:    Font shape `U/fsy/m/n' will be
(Font)              scaled to size 7.22694pt on input line 145.

LaTeX Font Warning: Font shape `OT1/cmr/bx/n' in size <16.06> not available
(Font)              size <17.28> substituted on input line 145.


LaTeX Font Warning: Font shape `OML/cmm/b/it' in size <16.06> not available
(Font)              size <17.28> substituted on input line 145.


LaTeX Font Warning: Font shape `OMS/cmsy/b/n' in size <16.06> not available
(Font)              size <17.28> substituted on input line 145.



[3

]

[4

]

[5

]

[6

] (./mainpaper.toc

Package fontspec Info: 
(fontspec)             Font family 'simsun.ttc(1)' created for font
(fontspec)             'simsun.ttc' with options
(fontspec)             [Mapping=tex-text,Script={CJK}].
(fontspec)              
(fontspec)              This font family consists of the following NFSS
(fontspec)             series/shapes:
(fontspec)              
(fontspec)             - 'normal' (m/n) with NFSS spec.:
(fontspec)             <->"[simsun.ttc]/OT:script=hani;language=dflt;mapping=tex-text;"
(fontspec)             - 'bold' (b/n) with NFSS spec.:
(fontspec)             <->"[simsun.ttc]/OT:script=hani;language=dflt;mapping=tex-text;"
(fontspec)             - 'italic' (m/it) with NFSS spec.:
(fontspec)             <->"[simsun.ttc]/OT:script=hani;language=dflt;mapping=tex-text;"
(fontspec)             - 'bold italic' (b/it) with NFSS spec.:
(fontspec)             <->"[simsun.ttc]/OT:script=hani;language=dflt;mapping=tex-text;"

)
\tf@toc=\write6
\openout6 = `mainpaper.toc'.



[1



]

[2

] (./mainpaper.lot)
\tf@lot=\write7
\openout7 = `mainpaper.lot'.



[3

]

[4

] (./mainpaper.lof)
\tf@lof=\write8
\openout8 = `mainpaper.lof'.



[5

]

[6

] (./data/abstract.tex

[1



]

[2

])

[3


]

[4

] (./data/chap01.tex
LaTeX Font Info:    Calculating math sizes for size <12.045> on input line 5.


LaTeX Font Warning: Font shape `OT1/cmr/m/n' in size <8.43146> not available
(Font)              size <8> substituted on input line 5.


LaTeX Font Warning: Font shape `OML/cmm/m/it' in size <8.43146> not available
(Font)              size <8> substituted on input line 5.


LaTeX Font Warning: Font shape `OMS/cmsy/m/n' in size <8.43146> not available
(Font)              size <8> substituted on input line 5.

LaTeX Font Info:    Font shape `U/fsy/m/n' will be
(Font)              scaled to size 10.84042pt on input line 5.
LaTeX Font Info:    Font shape `U/fsy/m/n' will be
(Font)              scaled to size 7.58826pt on input line 5.
LaTeX Font Info:    Font shape `U/fsy/m/n' will be
(Font)              scaled to size 5.4202pt on input line 5.

LaTeX Font Warning: Font shape `OT1/cmr/bx/n' in size <8.43146> not available
(Font)              size <8> substituted on input line 5.


LaTeX Font Warning: Font shape `OML/cmm/b/it' in size <8.43146> not available
(Font)              size <8> substituted on input line 5.


LaTeX Font Warning: Font shape `OMS/cmsy/b/n' in size <8.43146> not available
(Font)              size <8> substituted on input line 5.

File: figures/picmain.pdf Graphic file (type pdf)
<use figures/picmain.pdf>

Underfull \vbox (badness 10000) has occurred while \output is active []



[1



]
File: figures/picmain.pdf Graphic file (type pdf)
<use figures/picmain.pdf>

Underfull \hbox (badness 10000) in alignment at lines 56--67
[][] 
 []


Underfull \vbox (badness 10000) has occurred while \output is active []



[2]
File: figures/picmain.pdf Graphic file (type pdf)
<use figures/picmain.pdf>

Underfull \hbox (badness 10000) in alignment at lines 110--121
[][] 
 []

) (./data/chap02.tex

[3]
Underfull \vbox (badness 10000) has occurred while \output is active []



[4]

Package fontspec Info: 
(fontspec)             Font family '楷体_GB2312.TTF(0)' created for font
(fontspec)             '楷体_GB2312.TTF' with options
(fontspec)             [Mapping=tex-text,Script={CJK}].
(fontspec)              
(fontspec)              This font family consists of the following NFSS
(fontspec)             series/shapes:
(fontspec)              
(fontspec)             - 'normal' (m/n) with NFSS spec.:
(fontspec)             <->"[楷体_GB2312.TTF]/OT:script=hani;language=dflt;mapping=tex-text;"



[5


]
LaTeX Font Info:    Font shape `U/fsy/m/n' will be
(Font)              scaled to size 8.99994pt on input line 63.
LaTeX Font Info:    Font shape `U/fsy/m/n' will be
(Font)              scaled to size 6.29996pt on input line 63.
LaTeX Font Info:    Font shape `U/fsy/m/n' will be
(Font)              scaled to size 4.49997pt on input line 63.

Overfull \hbox (24.7561pt too wide) in alignment at lines 59--70
[][] 
 []



[6]
Underfull \vbox (badness 10000) has occurred while \output is active []



[7] [8]
File: figures/hello.pdf Graphic file (type pdf)
<use figures/hello.pdf>
File: figures/xh.png Graphic file (type bmp)
<figures/xh.png>
File: figures/xhh.eps Graphic file (type eps)
<figures/xhh.eps>
File: figures/typography.pdf Graphic file (type pdf)
<use figures/typography.pdf>
File: figures/typography.pdf Graphic file (type pdf)
<use figures/typography.pdf>
File: figures/typography.pdf Graphic file (type pdf)
<use figures/typography.pdf>
File: figures/typography.pdf Graphic file (type pdf)
<use figures/typography.pdf>
File: figures/typography.pdf Graphic file (type pdf)
<use figures/typography.pdf>
File: figures/typography.pdf Graphic file (type pdf)
<use figures/typography.pdf>

Underfull \vbox (badness 2469) has occurred while \output is active []



[9]
File: figures/xhh.eps Graphic file (type eps)
<figures/xhh.eps>
File: figures/xhh.eps Graphic file (type eps)
<figures/xhh.eps>

Underfull \vbox (badness 10000) has occurred while \output is active []



[10]
Package hyperref Info: bookmark level for unknown theorem defaults to 0 on input line 365.

Overfull \hbox (3.81262pt too wide) in paragraph at lines 374--383
[][]\TU/CourierNew(0)/m/n/12.045 \bm{\upgamma}[]\TU/simsun.ttc(1)/m/n/12.045 正 体 代 表 向 量 $[]$\TU/TimesNewRoman(0)/m/n/12.045 , \TU/simsun.ttc(1)/m/n/12.045 。| [][]\TU/CourierNew(0)/m/n/12.045 \Gamma[]\TU/simsun.ttc(1)/m/n/12.045 正 体 代 表 操 作 符 号 $\OT1/cmr/m/n/12 ^^@$\TU/simsun.ttc(1)/m/n/12.045 ，| [][]\TU/CourierNew(0)/m/n/12.045 \bm{\Gamma}[]\TU/simsun.ttc(1)/m/n/12.045 正
 []



[11]
Package hyperref Info: bookmark level for unknown proof defaults to 0 on input line 385.
Package hyperref Info: bookmark level for unknown algorithm defaults to 0 on input line 402.


[12]

Package fontspec Info: 
(fontspec)             Font family 'FreeSerif(0)' created for font 'FreeSerif'
(fontspec)             with options [Mapping=tex-text].
(fontspec)              
(fontspec)              This font family consists of the following NFSS
(fontspec)             series/shapes:
(fontspec)              
(fontspec)             - 'normal' (m/n) with NFSS spec.:
(fontspec)             <->"FreeSerif/OT:script=latn;language=dflt;mapping=tex-text;"
(fontspec)             - 'small caps'  (m/sc) with NFSS spec.:
(fontspec)             <->"FreeSerif/OT:script=latn;language=dflt;+smcp;mapping=tex-text;"
(fontspec)             - 'bold' (b/n) with NFSS spec.:
(fontspec)             <->"FreeSerif/B/OT:script=latn;language=dflt;mapping=tex-text;"
(fontspec)             - 'bold small caps'  (b/sc) with NFSS spec.:
(fontspec)             <->"FreeSerif/B/OT:script=latn;language=dflt;+smcp;mapping=tex-text;"
(fontspec)             - 'italic' (m/it) with NFSS spec.:
(fontspec)             <->"FreeSerif/I/OT:script=latn;language=dflt;mapping=tex-text;"
(fontspec)             - 'bold italic' (b/it) with NFSS spec.:
(fontspec)             <->"FreeSerif/BI/OT:script=latn;language=dflt;mapping=tex-text;"

 (d:/texlive/2024/texmf-dist/tex/latex/listings/lstlang1.sty
File: lstlang1.sty 2024/05/25 1.10b listings language file
) (d:/texlive/2024/texmf-dist/tex/latex/listings/lstmisc.sty
File: lstmisc.sty 2024/05/25 1.10b (Carsten Heinz)
)

[13] (d:/texlive/2024/texmf-dist/tex/latex/listings/lstlang1.sty
File: lstlang1.sty 2024/05/25 1.10b listings language file
) (d:/texlive/2024/texmf-dist/tex/latex/listings/lstlang1.sty
File: lstlang1.sty 2024/05/25 1.10b listings language file
)

LaTeX Font Warning: Font shape `TU/CourierNew(0)/tt/n' undefined
(Font)              using `TU/CourierNew(0)/m/n' instead on input line 508.


LaTeX Font Warning: Font shape `TU/TimesNewRoman(0)/tt/n' undefined
(Font)              using `TU/TimesNewRoman(0)/m/n' instead on input line 509.


LaTeX Font Warning: Font shape `TU/仿宋GB2312v2.00.ttf(0)/tt/n' undefined
(Font)              using `TU/仿宋GB2312v2.00.ttf(0)/m/n' instead on input line 513.



[14]

[15]) (./data/ack.tex

[16])

[17

]

[18

]

[19


] (./data/resume.tex

[20]) (./data/reviewinfo.tex

[21

]

[22

]
Overfull \hbox (5.00531pt too wide) in paragraph at lines 5--19
 [][] 
 []


Underfull \hbox (badness 10000) in paragraph at lines 27--29

 []



[23

]

[24

])
\tf@thm=\write9
\openout9 = `mainpaper.thm'.

 (./mainpaper.aux)
 ***********
LaTeX2e <2024-06-01> patch level 2
L3 programming layer <2022/08/05>
 ***********


LaTeX Font Warning: Size substitutions with differences
(Font)              up to 1.22pt have occurred.


LaTeX Font Warning: Some font shapes were not available, defaults substituted.

Package rerunfilecheck Info: File `mainpaper.out' has not changed.
(rerunfilecheck)             Checksum: B418678E33B4D3ED70BCCBA75AB6D83E;2223.
Package logreq Info: Writing requests to 'mainpaper.run.xml'.
\openout1 = `mainpaper.run.xml'.

 ) 
Here is how much of TeX's memory you used:
 38672 strings out of 474235
 770771 string characters out of 5745818
 2024612 words of memory out of 5000000
 60733 multiletter control sequences out of 15000+600000
 591038 words of font info for 269 fonts, out of 8000000 for 9000
 1348 hyphenation exceptions out of 8191
 125i,21n,124p,1198b,5094s stack positions out of 10000i,1000n,20000p,200000b,200000s

Output written on mainpaper.pdf (40 pages).
