\BOOKMARK [0][-]{section*.4}{\376\377\144\130\000\040\211\201}{}% 1
\BOOKMARK [0][-]{section*.5}{\376\377\000A\000B\000S\000T\000R\000A\000C\000T}{}% 2
\BOOKMARK [0][-]{chapter.1}{\376\377\173\054\116\000\172\340\230\230\166\356}{}% 3
\BOOKMARK [1][-]{section.1.1}{\376\377\377\010\0001\000.\0001\000\040\230\230\166\356\377\011}{chapter.1}% 4
\BOOKMARK [2][-]{subsection.1.1.1}{\376\377\377\010\0001\000.\0001\000.\0001\000\040\230\230\166\356\377\011}{section.1.1}% 5
\BOOKMARK [2][-]{subsection.1.1.2}{\376\377\377\010\0001\000.\0001\000.\0002\000\040\230\230\166\356\377\011}{section.1.1}% 6
\BOOKMARK [1][-]{section.1.2}{\376\377\377\010\0001\000.\0002\000\040\230\230\166\356\377\011}{chapter.1}% 7
\BOOKMARK [1][-]{section.1.3}{\376\377\377\010\0001\000.\0003\000\040\230\230\166\356\377\011}{chapter.1}% 8
\BOOKMARK [2][-]{subsection.1.3.1}{\376\377\377\010\0001\000.\0003\000.\0001\000\040\230\230\166\356\377\011}{section.1.3}% 9
\BOOKMARK [2][-]{subsection.1.3.2}{\376\377\377\010\0001\000.\0003\000.\0002\000\040\230\230\166\356\377\011}{section.1.3}% 10
\BOOKMARK [0][-]{chapter.2}{\376\377\213\272\145\207\153\143\145\207}{}% 11
\BOOKMARK [1][-]{section.2.1}{\376\377\133\127\117\123\153\265\204\075}{chapter.2}% 12
\BOOKMARK [1][-]{section.2.2}{\376\377\210\150\150\074\146\016\176\306}{chapter.2}% 13
\BOOKMARK [1][-]{section.2.3}{\376\377\176\330\126\376\143\322\126\376}{chapter.2}% 14
\BOOKMARK [1][-]{section.2.4}{\376\377\121\154\137\017\133\232\164\006}{chapter.2}% 15
\BOOKMARK [1][-]{section.2.5}{\376\377\123\302\200\003\145\207\163\056}{chapter.2}% 16
\BOOKMARK [1][-]{section.2.6}{\376\377\116\343\170\001\232\330\116\256}{chapter.2}% 17
\BOOKMARK [1][-]{section.2.7}{\376\377\173\046\123\367\122\027\210\150}{chapter.2}% 18
\BOOKMARK [1][-]{section.2.8}{\376\377\116\055\145\207\116\140\140\357}{chapter.2}% 19
\BOOKMARK [0][-]{chapter*.22}{\376\377\201\364\214\042}{}% 20
\BOOKMARK [0][-]{section*.23}{\376\377\123\302\200\003\145\207\163\056}{}% 21
\BOOKMARK [0][-]{chapter*.25}{\376\377\117\134\200\005\127\050\133\146\147\037\225\364\123\326\137\227\166\204\133\146\147\057\142\020\147\234}{}% 22
\BOOKMARK [0][-]{chapter*.26}{\376\377\121\154\137\000\213\304\226\005\117\341\140\157}{}% 23
